Der Buildvorgang wurde am 10.10.2016 12:11:00 gestartet.
     1>Projekt "E:\UNI\Programmieren\Für 10.10.2016\Projekt2.1\P2A2\P2A2.vcxproj" auf Knoten "2", Build Ziel(e).
     1>Link:
         C:\Program Files (x86)\Microsoft Visual Studio 14.0\VC\bin\link.exe /ERRORREPORT:PROMPT /OUT:"E:\UNI\Programmieren\Für 10.10.2016\Projekt2.1\P2A2\Debug\P2A2.exe" /INCREMENTAL /NOLOGO kernel32.lib user32.lib gdi32.lib winspool.lib comdlg32.lib advapi32.lib shell32.lib ole32.lib oleaut32.lib uuid.lib odbc32.lib odbccp32.lib /MANIFEST /MANIFESTUAC:"level='asInvoker' uiAccess='false'" /manifest:embed /Debug /PDB:"E:\UNI\Programmieren\Für 10.10.2016\Projekt2.1\P2A2\Debug\P2A2.pdb" /TLBID:1 /DYNAMICBASE /NXCOMPAT /IMPLIB:"E:\UNI\Programmieren\Für 10.10.2016\Projekt2.1\P2A2\Debug\P2A2.lib" /MACHINE:X86 Debug\p2a1.obj
         Debug\p2a2.obj
     1>p2a2.obj : error LNK2005: _main ist bereits in p2a1.obj definiert.
     1>E:\UNI\Programmieren\Für 10.10.2016\Projekt2.1\P2A2\Debug\P2A2.exe : fatal error LNK1169: Mindestens ein mehrfach definiertes Symbol gefunden.
     1>Die Erstellung des Projekts "E:\UNI\Programmieren\Für 10.10.2016\Projekt2.1\P2A2\P2A2.vcxproj" ist abgeschlossen, Build Ziel(e) -- FEHLER.

Fehler beim Buildvorgang.

Verstrichene Zeit 00:00:01.63
